<?xml version="1.0" encoding="UTF-8"?>
<!-- Generated by org.testng.reporters.JUnitReportReporter -->
<testsuite hostname="DESKTOP-BHBJQEG" failures="0" tests="2" name="Test.Meinfoto.Canvas" time="17.379" errors="0" timestamp="11 Jul 2019 09:30:19 GMT" skipped="0">
  <testcase classname="Test.Meinfoto.Canvas" name="endT" time="0.305"/>
  <testcase classname="Test.Meinfoto.Canvas" name="uload4" time="17.074"/>
</testsuite> <!-- Test.Meinfoto.Canvas -->
